<?xml version="1.0" encoding="UTF-8"?>
<!-- Generated by org.testng.reporters.JUnitReportReporter -->
<testsuite hostname="UmaAshokPrabhu" failures="0" tests="32" name="trndrPages.sam" time="71.808" errors="0" timestamp="12 Nov 2019 09:28:44 GMT" skipped="0">
  <testcase classname="trndrPages.sam" name="browserinit" time="8.146"/>
  <testcase classname="trndrPages.sam" name="createbtntrndrtc" time="2.460"/>
  <testcase classname="trndrPages.sam" name="nllangtc" time="0.449"/>
  <testcase classname="trndrPages.sam" name="Financetc" time="1.070"/>
  <testcase classname="trndrPages.sam" name="FinanceR1L1screen" time="6.147"/>
  <testcase classname="trndrPages.sam" name="FinanceR1L2screen" time="2.493"/>
  <testcase classname="trndrPages.sam" name="FinanceR1L3screen" time="1.276"/>
  <testcase classname="trndrPages.sam" name="FinanceR1L4screen" time="0.991"/>
  <testcase classname="trndrPages.sam" name="profileScreenQ" time="2.018"/>
  <testcase classname="trndrPages.sam" name="FinanceR2screen" time="0.708"/>
  <testcase classname="trndrPages.sam" name="FinanceR2L1screen" time="5.499"/>
  <testcase classname="trndrPages.sam" name="FinanceR2L2screen" time="2.386"/>
  <testcase classname="trndrPages.sam" name="FinanceR2L3screen" time="0.964"/>
  <testcase classname="trndrPages.sam" name="FinanceR2L4screen" time="0.784"/>
  <testcase classname="trndrPages.sam" name="FinanceR3screen" time="0.707"/>
  <testcase classname="trndrPages.sam" name="FinanceR3L1screen" time="5.223"/>
  <testcase classname="trndrPages.sam" name="FinanceR3L2screen" time="2.629"/>
  <testcase classname="trndrPages.sam" name="FinanceR3L3screen" time="0.942"/>
  <testcase classname="trndrPages.sam" name="FinanceR3L4screen" time="0.764"/>
  <testcase classname="trndrPages.sam" name="FinanceR4screen" time="0.651"/>
  <testcase classname="trndrPages.sam" name="FinanceR4L1screen" time="5.229"/>
  <testcase classname="trndrPages.sam" name="FinanceR4L2screen" time="2.849"/>
  <testcase classname="trndrPages.sam" name="FinanceR4L3screen" time="1.440"/>
  <testcase classname="trndrPages.sam" name="FinanceR4L4screen" time="1.111"/>
  <testcase classname="trndrPages.sam" name="FinanceR5screen" time="0.705"/>
  <testcase classname="trndrPages.sam" name="FinanceR5L1screen" time="5.239"/>
  <testcase classname="trndrPages.sam" name="FinanceR5L2screen" time="2.837"/>
  <testcase classname="trndrPages.sam" name="FinanceR5L3screen" time="1.447"/>
  <testcase classname="trndrPages.sam" name="FinanceR5L4screen" time="1.176"/>
  <testcase classname="trndrPages.sam" name="FinanceMedalscreen" time="1.193"/>
  <testcase classname="trndrPages.sam" name="FinanceAccountscreen" time="0.274"/>
  <testcase classname="trndrPages.sam" name="FinanceCategoryiconNL" time="2.001"/>
</testsuite> <!-- trndrPages.sam -->
