<?xml version="1.0" encoding="UTF-8"?>
<!-- Generated by org.testng.reporters.JUnitReportReporter -->
<testsuite hostname="UmaAshokPrabhu" failures="0" tests="33" name="regressionProdTCs.regressionTCS" time="8.382" errors="1" timestamp="14 Nov 2019 10:16:45 GMT" skipped="31">
  <testcase classname="regressionProdTCs.regressionTCS" name="browserinit" time="8.379"/>
  <testcase classname="regressionProdTCs.regressionTCS" name="getResult" time="0.003">
    <error message="Unresolved compilation problem: 
	Screenreport cannot be resolved
" type="java.lang.Error">
      <![CDATA[java.lang.Error: Unresolved compilation problem: 
Screenreport cannot be resolved

at regressionProdTCs.regressionTCS.getResult(regressionTCS.java:111)
at java.base/jdk.internal.reflect.NativeMethodAccessorImpl.invoke0(Native Method)
at java.base/jdk.internal.reflect.NativeMethodAccessorImpl.invoke(NativeMethodAccessorImpl.java:62)
at java.base/jdk.internal.reflect.DelegatingMethodAccessorImpl.invoke(DelegatingMethodAccessorImpl.java:43)
at java.base/java.lang.reflect.Method.invoke(Method.java:567)
at org.testng.internal.MethodInvocationHelper.invokeMethod(MethodInvocationHelper.java:124)
at org.testng.internal.MethodInvocationHelper.invokeMethodConsideringTimeout(MethodInvocationHelper.java:59)
at org.testng.internal.Invoker.invokeConfigurationMethod(Invoker.java:458)
at org.testng.internal.Invoker.invokeConfigurations(Invoker.java:222)
at org.testng.internal.Invoker.invokeMethod(Invoker.java:646)
at org.testng.internal.Invoker.invokeTestMethod(Invoker.java:719)
at org.testng.internal.Invoker.invokeTestMethods(Invoker.java:989)
at org.testng.internal.TestMethodWorker.invokeTestMethods(TestMethodWorker.java:125)
at org.testng.internal.TestMethodWorker.run(TestMethodWorker.java:109)
at org.testng.TestRunner.privateRun(TestRunner.java:648)
at org.testng.TestRunner.run(TestRunner.java:505)
at org.testng.SuiteRunner.runTest(SuiteRunner.java:455)
at org.testng.SuiteRunner.runSequentially(SuiteRunner.java:450)
at org.testng.SuiteRunner.privateRun(SuiteRunner.java:415)
at org.testng.SuiteRunner.run(SuiteRunner.java:364)
at org.testng.SuiteRunnerWorker.runSuite(SuiteRunnerWorker.java:52)
at org.testng.SuiteRunnerWorker.run(SuiteRunnerWorker.java:84)
at org.testng.TestNG.runSuitesSequentially(TestNG.java:1208)
at org.testng.TestNG.runSuitesLocally(TestNG.java:1137)
at org.testng.TestNG.runSuites(TestNG.java:1049)
at org.testng.TestNG.run(TestNG.java:1017)
at org.testng.remote.AbstractRemoteTestNG.run(AbstractRemoteTestNG.java:115)
at org.testng.remote.RemoteTestNG.initAndRun(RemoteTestNG.java:251)
at org.testng.remote.RemoteTestNG.main(RemoteTestNG.java:77)
]]>
    </error>
  </testcase> <!-- getResult -->
  <testcase classname="regressionProdTCs.regressionTCS" name="createbtntrndrtc" time="0.000">
    <skipped/>
  </testcase> <!-- createbtntrndrtc -->
  <testcase classname="regressionProdTCs.regressionTCS" name="nllangtc" time="0.000">
    <skipped/>
  </testcase> <!-- nllangtc -->
  <testcase classname="regressionProdTCs.regressionTCS" name="socialcattc" time="0.000">
    <skipped/>
  </testcase> <!-- socialcattc -->
  <testcase classname="regressionProdTCs.regressionTCS" name="R1L1screen" time="0.000">
    <skipped/>
  </testcase> <!-- R1L1screen -->
  <testcase classname="regressionProdTCs.regressionTCS" name="R1L2screen" time="0.000">
    <skipped/>
  </testcase> <!-- R1L2screen -->
  <testcase classname="regressionProdTCs.regressionTCS" name="R1L3screen" time="0.000">
    <skipped/>
  </testcase> <!-- R1L3screen -->
  <testcase classname="regressionProdTCs.regressionTCS" name="R1L4screen" time="0.000">
    <skipped/>
  </testcase> <!-- R1L4screen -->
  <testcase classname="regressionProdTCs.regressionTCS" name="profileScreenQ" time="0.000">
    <skipped/>
  </testcase> <!-- profileScreenQ -->
  <testcase classname="regressionProdTCs.regressionTCS" name="R2screen" time="0.000">
    <skipped/>
  </testcase> <!-- R2screen -->
  <testcase classname="regressionProdTCs.regressionTCS" name="R2L1screen" time="0.000">
    <skipped/>
  </testcase> <!-- R2L1screen -->
  <testcase classname="regressionProdTCs.regressionTCS" name="R2L2screen" time="0.000">
    <skipped/>
  </testcase> <!-- R2L2screen -->
  <testcase classname="regressionProdTCs.regressionTCS" name="R2L3screen" time="0.000">
    <skipped/>
  </testcase> <!-- R2L3screen -->
  <testcase classname="regressionProdTCs.regressionTCS" name="R2L4screen" time="0.000">
    <skipped/>
  </testcase> <!-- R2L4screen -->
  <testcase classname="regressionProdTCs.regressionTCS" name="R3screen" time="0.000">
    <skipped/>
  </testcase> <!-- R3screen -->
  <testcase classname="regressionProdTCs.regressionTCS" name="R3L1screen" time="0.000">
    <skipped/>
  </testcase> <!-- R3L1screen -->
  <testcase classname="regressionProdTCs.regressionTCS" name="R3L2screen" time="0.000">
    <skipped/>
  </testcase> <!-- R3L2screen -->
  <testcase classname="regressionProdTCs.regressionTCS" name="R3L3screen" time="0.000">
    <skipped/>
  </testcase> <!-- R3L3screen -->
  <testcase classname="regressionProdTCs.regressionTCS" name="R3L4screen" time="0.000">
    <skipped/>
  </testcase> <!-- R3L4screen -->
  <testcase classname="regressionProdTCs.regressionTCS" name="R4screen" time="0.000">
    <skipped/>
  </testcase> <!-- R4screen -->
  <testcase classname="regressionProdTCs.regressionTCS" name="R4L1screen" time="0.000">
    <skipped/>
  </testcase> <!-- R4L1screen -->
  <testcase classname="regressionProdTCs.regressionTCS" name="R4L2screen" time="0.000">
    <skipped/>
  </testcase> <!-- R4L2screen -->
  <testcase classname="regressionProdTCs.regressionTCS" name="R4L3screen" time="0.000">
    <skipped/>
  </testcase> <!-- R4L3screen -->
  <testcase classname="regressionProdTCs.regressionTCS" name="R4L4screen" time="0.000">
    <skipped/>
  </testcase> <!-- R4L4screen -->
  <testcase classname="regressionProdTCs.regressionTCS" name="R5screen" time="0.000">
    <skipped/>
  </testcase> <!-- R5screen -->
  <testcase classname="regressionProdTCs.regressionTCS" name="R5L1screen" time="0.000">
    <skipped/>
  </testcase> <!-- R5L1screen -->
  <testcase classname="regressionProdTCs.regressionTCS" name="R5L2screen" time="0.000">
    <skipped/>
  </testcase> <!-- R5L2screen -->
  <testcase classname="regressionProdTCs.regressionTCS" name="R5L3screen" time="0.000">
    <skipped/>
  </testcase> <!-- R5L3screen -->
  <testcase classname="regressionProdTCs.regressionTCS" name="R5L4screen" time="0.000">
    <skipped/>
  </testcase> <!-- R5L4screen -->
  <testcase classname="regressionProdTCs.regressionTCS" name="Medalscreen" time="0.000">
    <skipped/>
  </testcase> <!-- Medalscreen -->
  <testcase classname="regressionProdTCs.regressionTCS" name="Accountscreen" time="0.000">
    <skipped/>
  </testcase> <!-- Accountscreen -->
  <testcase classname="regressionProdTCs.regressionTCS" name="CategoryiconNL" time="0.000">
    <skipped/>
  </testcase> <!-- CategoryiconNL -->
</testsuite> <!-- regressionProdTCs.regressionTCS -->
