<?xml version="1.0" encoding="UTF-8"?>
<!-- Generated by org.testng.reporters.JUnitReportReporter -->
<testsuite hostname="UmaAshokPrabhu" failures="0" tests="340" name="regressionTestCases.TrndrRegTCs" time="992.526" errors="0" timestamp="18 Nov 2019 14:44:55 GMT" skipped="0">
  <testcase classname="regressionTestCases.TrndrRegTCs" name="browserinit" time="8.166"/>
  <testcase classname="regressionTestCases.TrndrRegTCs" name="createbtntrndrtc" time="2.234"/>
  <testcase classname="regressionTestCases.TrndrRegTCs" name="nllangtc" time="0.484"/>
  <testcase classname="regressionTestCases.TrndrRegTCs" name="socialcattc" time="1.045"/>
  <testcase classname="regressionTestCases.TrndrRegTCs" name="R1L1screen" time="11.264"/>
  <testcase classname="regressionTestCases.TrndrRegTCs" name="R1L2screen" time="2.444"/>
  <testcase classname="regressionTestCases.TrndrRegTCs" name="R1L3screen" time="0.974"/>
  <testcase classname="regressionTestCases.TrndrRegTCs" name="R1L4screen" time="0.941"/>
  <testcase classname="regressionTestCases.TrndrRegTCs" name="profileScreenQ" time="1.971"/>
  <testcase classname="regressionTestCases.TrndrRegTCs" name="R2screen" time="0.698"/>
  <testcase classname="regressionTestCases.TrndrRegTCs" name="R2L1screen" time="10.269"/>
  <testcase classname="regressionTestCases.TrndrRegTCs" name="R2L2screen" time="2.401"/>
  <testcase classname="regressionTestCases.TrndrRegTCs" name="R2L3screen" time="0.965"/>
  <testcase classname="regressionTestCases.TrndrRegTCs" name="R2L4screen" time="0.739"/>
  <testcase classname="regressionTestCases.TrndrRegTCs" name="R3screen" time="0.659"/>
  <testcase classname="regressionTestCases.TrndrRegTCs" name="R3L1screen" time="10.186"/>
  <testcase classname="regressionTestCases.TrndrRegTCs" name="R3L2screen" time="2.365"/>
  <testcase classname="regressionTestCases.TrndrRegTCs" name="R3L3screen" time="0.991"/>
  <testcase classname="regressionTestCases.TrndrRegTCs" name="R3L4screen" time="0.688"/>
  <testcase classname="regressionTestCases.TrndrRegTCs" name="R4screen" time="0.656"/>
  <testcase classname="regressionTestCases.TrndrRegTCs" name="R4L1screen" time="10.158"/>
  <testcase classname="regressionTestCases.TrndrRegTCs" name="R4L2screen" time="2.980"/>
  <testcase classname="regressionTestCases.TrndrRegTCs" name="R4L3screen" time="1.497"/>
  <testcase classname="regressionTestCases.TrndrRegTCs" name="R4L4screen" time="1.214"/>
  <testcase classname="regressionTestCases.TrndrRegTCs" name="R5screen" time="0.762"/>
  <testcase classname="regressionTestCases.TrndrRegTCs" name="R5L1screen" time="10.389"/>
  <testcase classname="regressionTestCases.TrndrRegTCs" name="R5L2screen" time="2.964"/>
  <testcase classname="regressionTestCases.TrndrRegTCs" name="R5L3screen" time="1.476"/>
  <testcase classname="regressionTestCases.TrndrRegTCs" name="R5L4screen" time="1.155"/>
  <testcase classname="regressionTestCases.TrndrRegTCs" name="Medalscreen" time="1.516"/>
  <testcase classname="regressionTestCases.TrndrRegTCs" name="Accountscreen" time="0.355"/>
  <testcase classname="regressionTestCases.TrndrRegTCs" name="CategoryiconNL" time="0.854"/>
  <testcase classname="regressionTestCases.TrndrRegTCs" name="Techcattc" time="1.044"/>
  <testcase classname="regressionTestCases.TrndrRegTCs" name="TechR1L1" time="10.775"/>
  <testcase classname="regressionTestCases.TrndrRegTCs" name="TecR1L2screen" time="2.357"/>
  <testcase classname="regressionTestCases.TrndrRegTCs" name="TechcattcR1L3screen" time="0.949"/>
  <testcase classname="regressionTestCases.TrndrRegTCs" name="TechcattcR1L4screen" time="0.647"/>
  <testcase classname="regressionTestCases.TrndrRegTCs" name="TechcattcR2screen" time="0.658"/>
  <testcase classname="regressionTestCases.TrndrRegTCs" name="TechcattcR2L1screen" time="10.051"/>
  <testcase classname="regressionTestCases.TrndrRegTCs" name="TechcattcR2L2screen" time="2.468"/>
  <testcase classname="regressionTestCases.TrndrRegTCs" name="TechcattcR2L3screen" time="1.088"/>
  <testcase classname="regressionTestCases.TrndrRegTCs" name="TechcattcR2L4screen" time="0.857"/>
  <testcase classname="regressionTestCases.TrndrRegTCs" name="TechcattcR3screen" time="0.715"/>
  <testcase classname="regressionTestCases.TrndrRegTCs" name="TechcattcR3L1screen" time="10.380"/>
  <testcase classname="regressionTestCases.TrndrRegTCs" name="TechcattcR3L2screen" time="2.399"/>
  <testcase classname="regressionTestCases.TrndrRegTCs" name="TechcattcR3L3screen" time="0.981"/>
  <testcase classname="regressionTestCases.TrndrRegTCs" name="TechcattcR3L4screen" time="0.766"/>
  <testcase classname="regressionTestCases.TrndrRegTCs" name="TechcattcR4screen" time="0.775"/>
  <testcase classname="regressionTestCases.TrndrRegTCs" name="TechcattcR4L1screen" time="10.380"/>
  <testcase classname="regressionTestCases.TrndrRegTCs" name="TechcattcR4L2screen" time="2.977"/>
  <testcase classname="regressionTestCases.TrndrRegTCs" name="TechcattcR4L3screen" time="1.528"/>
  <testcase classname="regressionTestCases.TrndrRegTCs" name="TechcattcR4L4screen" time="1.099"/>
  <testcase classname="regressionTestCases.TrndrRegTCs" name="TechcattcR5screen" time="0.814"/>
  <testcase classname="regressionTestCases.TrndrRegTCs" name="TechcattcR5L1screen" time="10.186"/>
  <testcase classname="regressionTestCases.TrndrRegTCs" name="TechcattcR5L2screen" time="2.884"/>
  <testcase classname="regressionTestCases.TrndrRegTCs" name="TechcattcR5L3screen" time="1.450"/>
  <testcase classname="regressionTestCases.TrndrRegTCs" name="TechcattcR5L4screen" time="1.077"/>
  <testcase classname="regressionTestCases.TrndrRegTCs" name="TechcattcMedalscreen" time="1.045"/>
  <testcase classname="regressionTestCases.TrndrRegTCs" name="TechcattcAccountscreen" time="0.274"/>
  <testcase classname="regressionTestCases.TrndrRegTCs" name="TechcattcCategoryiconNL" time="0.833"/>
  <testcase classname="regressionTestCases.TrndrRegTCs" name="Communicatiecattc" time="0.977"/>
  <testcase classname="regressionTestCases.TrndrRegTCs" name="CommunicatieR1L1screen" time="10.776"/>
  <testcase classname="regressionTestCases.TrndrRegTCs" name="CommunicatieR1L2screen" time="2.329"/>
  <testcase classname="regressionTestCases.TrndrRegTCs" name="CommunicatieR1L3screen" time="0.934"/>
  <testcase classname="regressionTestCases.TrndrRegTCs" name="CommunicatieR1L4screen" time="0.615"/>
  <testcase classname="regressionTestCases.TrndrRegTCs" name="CommunicatieR2screen" time="0.725"/>
  <testcase classname="regressionTestCases.TrndrRegTCs" name="CommunicatieR2L1screen" time="10.224"/>
  <testcase classname="regressionTestCases.TrndrRegTCs" name="CommunicatieR2L2screen" time="2.375"/>
  <testcase classname="regressionTestCases.TrndrRegTCs" name="CommunicatieR2L3screen" time="0.993"/>
  <testcase classname="regressionTestCases.TrndrRegTCs" name="CommunicatieR2L4screen" time="0.782"/>
  <testcase classname="regressionTestCases.TrndrRegTCs" name="CommunicatieR3screen" time="0.657"/>
  <testcase classname="regressionTestCases.TrndrRegTCs" name="CommunicatieR3L1screen" time="10.190"/>
  <testcase classname="regressionTestCases.TrndrRegTCs" name="CommunicatieR3L2screen" time="2.441"/>
  <testcase classname="regressionTestCases.TrndrRegTCs" name="CommunicatieR3L3screen" time="0.968"/>
  <testcase classname="regressionTestCases.TrndrRegTCs" name="CommunicatieR3L4screen" time="0.742"/>
  <testcase classname="regressionTestCases.TrndrRegTCs" name="CommunicatieR4screen" time="0.644"/>
  <testcase classname="regressionTestCases.TrndrRegTCs" name="CommunicatieR4L1screen" time="10.139"/>
  <testcase classname="regressionTestCases.TrndrRegTCs" name="CommunicatieR4L2screen" time="2.832"/>
  <testcase classname="regressionTestCases.TrndrRegTCs" name="CommunicatieR4L3screen" time="1.426"/>
  <testcase classname="regressionTestCases.TrndrRegTCs" name="CommunicatieR4L4screen" time="1.133"/>
  <testcase classname="regressionTestCases.TrndrRegTCs" name="CommunicatieR5screen" time="0.623"/>
  <testcase classname="regressionTestCases.TrndrRegTCs" name="CommunicatieR5L1screen" time="10.153"/>
  <testcase classname="regressionTestCases.TrndrRegTCs" name="CommunicatieR5L2screen" time="2.858"/>
  <testcase classname="regressionTestCases.TrndrRegTCs" name="CommunicatieR5L3screen" time="1.429"/>
  <testcase classname="regressionTestCases.TrndrRegTCs" name="CommunicatieR5L4screen" time="1.072"/>
  <testcase classname="regressionTestCases.TrndrRegTCs" name="CommunicatieMedalscreen" time="1.134"/>
  <testcase classname="regressionTestCases.TrndrRegTCs" name="CommunicatieAccountscreen" time="0.280"/>
  <testcase classname="regressionTestCases.TrndrRegTCs" name="CommunicatieCategoryiconNL" time="0.877"/>
  <testcase classname="regressionTestCases.TrndrRegTCs" name="Culturetc" time="1.112"/>
  <testcase classname="regressionTestCases.TrndrRegTCs" name="CultureR1L1screen" time="10.900"/>
  <testcase classname="regressionTestCases.TrndrRegTCs" name="CultureR1L2screen" time="2.585"/>
  <testcase classname="regressionTestCases.TrndrRegTCs" name="CultureR1L3screen" time="0.964"/>
  <testcase classname="regressionTestCases.TrndrRegTCs" name="CultureR1L4screen" time="0.723"/>
  <testcase classname="regressionTestCases.TrndrRegTCs" name="CultureR2screen" time="0.765"/>
  <testcase classname="regressionTestCases.TrndrRegTCs" name="CultureR2L1screen" time="10.199"/>
  <testcase classname="regressionTestCases.TrndrRegTCs" name="CultureR2L2screen" time="2.367"/>
  <testcase classname="regressionTestCases.TrndrRegTCs" name="CultureR2L3screen" time="0.935"/>
  <testcase classname="regressionTestCases.TrndrRegTCs" name="CultureR2L4screen" time="0.759"/>
  <testcase classname="regressionTestCases.TrndrRegTCs" name="CultureR3screen" time="0.713"/>
  <testcase classname="regressionTestCases.TrndrRegTCs" name="CultureR3L1screen" time="10.097"/>
  <testcase classname="regressionTestCases.TrndrRegTCs" name="CultureR3L2screen" time="2.372"/>
  <testcase classname="regressionTestCases.TrndrRegTCs" name="CultureR3L3screen" time="0.944"/>
  <testcase classname="regressionTestCases.TrndrRegTCs" name="CultureR3L4screen" time="0.810"/>
  <testcase classname="regressionTestCases.TrndrRegTCs" name="CultureR4screen" time="0.707"/>
  <testcase classname="regressionTestCases.TrndrRegTCs" name="CultureR4L1screen" time="10.092"/>
  <testcase classname="regressionTestCases.TrndrRegTCs" name="CultureR4L2screen" time="2.889"/>
  <testcase classname="regressionTestCases.TrndrRegTCs" name="CultureR4L3screen" time="1.482"/>
  <testcase classname="regressionTestCases.TrndrRegTCs" name="CultureR4L4screen" time="1.150"/>
  <testcase classname="regressionTestCases.TrndrRegTCs" name="CultureR5screen" time="0.685"/>
  <testcase classname="regressionTestCases.TrndrRegTCs" name="CultureR5L1screen" time="10.134"/>
  <testcase classname="regressionTestCases.TrndrRegTCs" name="CultureR5L2screen" time="2.952"/>
  <testcase classname="regressionTestCases.TrndrRegTCs" name="CultureR5L3screen" time="1.525"/>
  <testcase classname="regressionTestCases.TrndrRegTCs" name="CultureR5L4screen" time="1.305"/>
  <testcase classname="regressionTestCases.TrndrRegTCs" name="CultureMedalscreen" time="1.207"/>
  <testcase classname="regressionTestCases.TrndrRegTCs" name="CultureAccountscreen" time="0.278"/>
  <testcase classname="regressionTestCases.TrndrRegTCs" name="CultureCategoryiconNL" time="0.864"/>
  <testcase classname="regressionTestCases.TrndrRegTCs" name="Educationtc" time="1.230"/>
  <testcase classname="regressionTestCases.TrndrRegTCs" name="EducationR1L1screen" time="10.890"/>
  <testcase classname="regressionTestCases.TrndrRegTCs" name="EducationR1L2screen" time="2.421"/>
  <testcase classname="regressionTestCases.TrndrRegTCs" name="EducationR1L3screen" time="0.979"/>
  <testcase classname="regressionTestCases.TrndrRegTCs" name="EducationR1L4screen" time="0.605"/>
  <testcase classname="regressionTestCases.TrndrRegTCs" name="EducationR2screen" time="0.702"/>
  <testcase classname="regressionTestCases.TrndrRegTCs" name="EducationR2L1screen" time="10.338"/>
  <testcase classname="regressionTestCases.TrndrRegTCs" name="EducationR2L2screen" time="2.388"/>
  <testcase classname="regressionTestCases.TrndrRegTCs" name="EducationR2L3screen" time="0.951"/>
  <testcase classname="regressionTestCases.TrndrRegTCs" name="EducationR2L4screen" time="0.702"/>
  <testcase classname="regressionTestCases.TrndrRegTCs" name="EducationR3screen" time="0.678"/>
  <testcase classname="regressionTestCases.TrndrRegTCs" name="EducationR3L1screen" time="10.242"/>
  <testcase classname="regressionTestCases.TrndrRegTCs" name="EducationR3L2screen" time="2.379"/>
  <testcase classname="regressionTestCases.TrndrRegTCs" name="EducationR3L3screen" time="0.953"/>
  <testcase classname="regressionTestCases.TrndrRegTCs" name="EducationR3L4screen" time="0.646"/>
  <testcase classname="regressionTestCases.TrndrRegTCs" name="EducationR4screen" time="0.668"/>
  <testcase classname="regressionTestCases.TrndrRegTCs" name="EducationR4L1screen" time="10.161"/>
  <testcase classname="regressionTestCases.TrndrRegTCs" name="EducationR4L2screen" time="2.944"/>
  <testcase classname="regressionTestCases.TrndrRegTCs" name="EducationR4L3screen" time="1.604"/>
  <testcase classname="regressionTestCases.TrndrRegTCs" name="EducationR4L4screen" time="1.064"/>
  <testcase classname="regressionTestCases.TrndrRegTCs" name="EducationR5screen" time="0.742"/>
  <testcase classname="regressionTestCases.TrndrRegTCs" name="EducationR5L1screen" time="10.297"/>
  <testcase classname="regressionTestCases.TrndrRegTCs" name="EducationR5L2screen" time="2.975"/>
  <testcase classname="regressionTestCases.TrndrRegTCs" name="EducationR5L3screen" time="1.459"/>
  <testcase classname="regressionTestCases.TrndrRegTCs" name="EducationR5L4screen" time="1.060"/>
  <testcase classname="regressionTestCases.TrndrRegTCs" name="EducationMedalscreen" time="0.988"/>
  <testcase classname="regressionTestCases.TrndrRegTCs" name="EducationAccountscreen" time="0.263"/>
  <testcase classname="regressionTestCases.TrndrRegTCs" name="EducationCategoryiconNL" time="0.849"/>
  <testcase classname="regressionTestCases.TrndrRegTCs" name="Financetc" time="1.003"/>
  <testcase classname="regressionTestCases.TrndrRegTCs" name="FinanceR1L1screen" time="10.646"/>
  <testcase classname="regressionTestCases.TrndrRegTCs" name="FinanceR1L2screen" time="2.329"/>
  <testcase classname="regressionTestCases.TrndrRegTCs" name="FinanceR1L3screen" time="0.933"/>
  <testcase classname="regressionTestCases.TrndrRegTCs" name="FinanceR1L4screen" time="0.676"/>
  <testcase classname="regressionTestCases.TrndrRegTCs" name="FinanceR2screen" time="0.676"/>
  <testcase classname="regressionTestCases.TrndrRegTCs" name="FinanceR2L1screen" time="10.053"/>
  <testcase classname="regressionTestCases.TrndrRegTCs" name="FinanceR2L2screen" time="2.315"/>
  <testcase classname="regressionTestCases.TrndrRegTCs" name="FinanceR2L3screen" time="0.926"/>
  <testcase classname="regressionTestCases.TrndrRegTCs" name="FinanceR2L4screen" time="0.690"/>
  <testcase classname="regressionTestCases.TrndrRegTCs" name="FinanceR3screen" time="0.653"/>
  <testcase classname="regressionTestCases.TrndrRegTCs" name="FinanceR3L1screen" time="10.233"/>
  <testcase classname="regressionTestCases.TrndrRegTCs" name="FinanceR3L2screen" time="2.467"/>
  <testcase classname="regressionTestCases.TrndrRegTCs" name="FinanceR3L3screen" time="0.972"/>
  <testcase classname="regressionTestCases.TrndrRegTCs" name="FinanceR3L4screen" time="0.780"/>
  <testcase classname="regressionTestCases.TrndrRegTCs" name="FinanceR4screen" time="0.730"/>
  <testcase classname="regressionTestCases.TrndrRegTCs" name="FinanceR4L1screen" time="10.304"/>
  <testcase classname="regressionTestCases.TrndrRegTCs" name="FinanceR4L2screen" time="2.930"/>
  <testcase classname="regressionTestCases.TrndrRegTCs" name="FinanceR4L3screen" time="1.448"/>
  <testcase classname="regressionTestCases.TrndrRegTCs" name="FinanceR4L4screen" time="1.112"/>
  <testcase classname="regressionTestCases.TrndrRegTCs" name="FinanceR5screen" time="0.751"/>
  <testcase classname="regressionTestCases.TrndrRegTCs" name="FinanceR5L1screen" time="10.136"/>
  <testcase classname="regressionTestCases.TrndrRegTCs" name="FinanceR5L2screen" time="2.876"/>
  <testcase classname="regressionTestCases.TrndrRegTCs" name="FinanceR5L3screen" time="1.410"/>
  <testcase classname="regressionTestCases.TrndrRegTCs" name="FinanceR5L4screen" time="1.094"/>
  <testcase classname="regressionTestCases.TrndrRegTCs" name="FinanceMedalscreen" time="1.015"/>
  <testcase classname="regressionTestCases.TrndrRegTCs" name="FinanceAccountscreen" time="0.265"/>
  <testcase classname="regressionTestCases.TrndrRegTCs" name="FinanceCategoryiconNL" time="0.812"/>
  <testcase classname="regressionTestCases.TrndrRegTCs" name="HealthCaretc" time="1.019"/>
  <testcase classname="regressionTestCases.TrndrRegTCs" name="HealthCareR1L1screen" time="10.642"/>
  <testcase classname="regressionTestCases.TrndrRegTCs" name="HealthCareR1L2screen" time="2.856"/>
  <testcase classname="regressionTestCases.TrndrRegTCs" name="HealthCareR1L3screen" time="0.952"/>
  <testcase classname="regressionTestCases.TrndrRegTCs" name="HealthCareR1L4screen" time="1.086"/>
  <testcase classname="regressionTestCases.TrndrRegTCs" name="HealthCareR2screen" time="0.858"/>
  <testcase classname="regressionTestCases.TrndrRegTCs" name="HealthCareR2L1screen" time="10.197"/>
  <testcase classname="regressionTestCases.TrndrRegTCs" name="HealthCareR2L2screen" time="3.012"/>
  <testcase classname="regressionTestCases.TrndrRegTCs" name="HealthCareR2L3screen" time="0.955"/>
  <testcase classname="regressionTestCases.TrndrRegTCs" name="HealthCareR2L4screen" time="1.198"/>
  <testcase classname="regressionTestCases.TrndrRegTCs" name="HealthCareR3screen" time="0.866"/>
  <testcase classname="regressionTestCases.TrndrRegTCs" name="HealthCareR3L1screen" time="10.253"/>
  <testcase classname="regressionTestCases.TrndrRegTCs" name="HealthCareR3L2screen" time="2.816"/>
  <testcase classname="regressionTestCases.TrndrRegTCs" name="HealthCareR3L3screen" time="0.957"/>
  <testcase classname="regressionTestCases.TrndrRegTCs" name="HealthCareR3L4screen" time="1.192"/>
  <testcase classname="regressionTestCases.TrndrRegTCs" name="HealthCareR4screen" time="0.996"/>
  <testcase classname="regressionTestCases.TrndrRegTCs" name="HealthCareR4L1screen" time="10.089"/>
  <testcase classname="regressionTestCases.TrndrRegTCs" name="HealthCareR4L2screen" time="3.208"/>
  <testcase classname="regressionTestCases.TrndrRegTCs" name="HealthCareR4L3screen" time="1.458"/>
  <testcase classname="regressionTestCases.TrndrRegTCs" name="HealthCareR4L4screen" time="1.541"/>
  <testcase classname="regressionTestCases.TrndrRegTCs" name="HealthCareR5screen" time="0.862"/>
  <testcase classname="regressionTestCases.TrndrRegTCs" name="HealthCareR5L1screen" time="10.333"/>
  <testcase classname="regressionTestCases.TrndrRegTCs" name="HealthCareR5L2screen" time="3.431"/>
  <testcase classname="regressionTestCases.TrndrRegTCs" name="HealthCareR5L3screen" time="1.421"/>
  <testcase classname="regressionTestCases.TrndrRegTCs" name="HealthCareR5L4screen" time="1.675"/>
  <testcase classname="regressionTestCases.TrndrRegTCs" name="HealthCareMedalscreen" time="1.657"/>
  <testcase classname="regressionTestCases.TrndrRegTCs" name="HealthCareAccountscreen" time="0.376"/>
  <testcase classname="regressionTestCases.TrndrRegTCs" name="HealthCareCategoryiconNL" time="0.861"/>
  <testcase classname="regressionTestCases.TrndrRegTCs" name="Mediatc" time="0.977"/>
  <testcase classname="regressionTestCases.TrndrRegTCs" name="MediaR1L1screen" time="10.834"/>
  <testcase classname="regressionTestCases.TrndrRegTCs" name="MediaR1L2screen" time="2.390"/>
  <testcase classname="regressionTestCases.TrndrRegTCs" name="MediaR1L3screen" time="0.946"/>
  <testcase classname="regressionTestCases.TrndrRegTCs" name="MediaR1L4screen" time="0.598"/>
  <testcase classname="regressionTestCases.TrndrRegTCs" name="MediaR2screen" time="0.668"/>
  <testcase classname="regressionTestCases.TrndrRegTCs" name="MediaR2L1screen" time="10.134"/>
  <testcase classname="regressionTestCases.TrndrRegTCs" name="MediaR2L2screen" time="2.320"/>
  <testcase classname="regressionTestCases.TrndrRegTCs" name="MediaR2L3screen" time="0.926"/>
  <testcase classname="regressionTestCases.TrndrRegTCs" name="MediaR2L4screen" time="0.626"/>
  <testcase classname="regressionTestCases.TrndrRegTCs" name="MediaR3screen" time="0.654"/>
  <testcase classname="regressionTestCases.TrndrRegTCs" name="MediaR3L1screen" time="10.075"/>
  <testcase classname="regressionTestCases.TrndrRegTCs" name="MediaR3L2screen" time="2.335"/>
  <testcase classname="regressionTestCases.TrndrRegTCs" name="MediaR3L3screen" time="0.940"/>
  <testcase classname="regressionTestCases.TrndrRegTCs" name="MediaR3L4screen" time="0.609"/>
  <testcase classname="regressionTestCases.TrndrRegTCs" name="MediaR4screen" time="0.653"/>
  <testcase classname="regressionTestCases.TrndrRegTCs" name="MediaR4L1screen" time="10.086"/>
  <testcase classname="regressionTestCases.TrndrRegTCs" name="MediaR4L2screen" time="2.902"/>
  <testcase classname="regressionTestCases.TrndrRegTCs" name="MediaR4L3screen" time="1.415"/>
  <testcase classname="regressionTestCases.TrndrRegTCs" name="MediaR4L4screen" time="0.990"/>
  <testcase classname="regressionTestCases.TrndrRegTCs" name="MediaR5screen" time="0.692"/>
  <testcase classname="regressionTestCases.TrndrRegTCs" name="MediaR5L1screen" time="10.377"/>
  <testcase classname="regressionTestCases.TrndrRegTCs" name="MediaR5L2screen" time="2.955"/>
  <testcase classname="regressionTestCases.TrndrRegTCs" name="MediaR5L3screen" time="1.546"/>
  <testcase classname="regressionTestCases.TrndrRegTCs" name="MediaR5L4screen" time="1.072"/>
  <testcase classname="regressionTestCases.TrndrRegTCs" name="MediaMedalscreen" time="0.959"/>
  <testcase classname="regressionTestCases.TrndrRegTCs" name="MediaAccountscreen" time="0.285"/>
  <testcase classname="regressionTestCases.TrndrRegTCs" name="MediaCategoryiconNL" time="0.843"/>
  <testcase classname="regressionTestCases.TrndrRegTCs" name="Mobilitettc" time="1.019"/>
  <testcase classname="regressionTestCases.TrndrRegTCs" name="MobilitetR1L1screen" time="10.690"/>
  <testcase classname="regressionTestCases.TrndrRegTCs" name="MobilitetR1L2screen" time="2.462"/>
  <testcase classname="regressionTestCases.TrndrRegTCs" name="MobilitetR1L3screen" time="0.935"/>
  <testcase classname="regressionTestCases.TrndrRegTCs" name="MobilitetR1L4screen" time="0.793"/>
  <testcase classname="regressionTestCases.TrndrRegTCs" name="MobilitetR2screen" time="0.723"/>
  <testcase classname="regressionTestCases.TrndrRegTCs" name="MobilitetR2L1screen" time="10.088"/>
  <testcase classname="regressionTestCases.TrndrRegTCs" name="MobilitetR2L2screen" time="2.426"/>
  <testcase classname="regressionTestCases.TrndrRegTCs" name="MobilitetR2L3screen" time="0.927"/>
  <testcase classname="regressionTestCases.TrndrRegTCs" name="MobilitetR2L4screen" time="0.852"/>
  <testcase classname="regressionTestCases.TrndrRegTCs" name="MobilitetR3screen" time="0.739"/>
  <testcase classname="regressionTestCases.TrndrRegTCs" name="MobilitetR3L1screen" time="10.162"/>
  <testcase classname="regressionTestCases.TrndrRegTCs" name="MobilitetR3L2screen" time="2.522"/>
  <testcase classname="regressionTestCases.TrndrRegTCs" name="MobilitetR3L3screen" time="0.946"/>
  <testcase classname="regressionTestCases.TrndrRegTCs" name="MobilitetR3L4screen" time="0.882"/>
  <testcase classname="regressionTestCases.TrndrRegTCs" name="MobilitetR4screen" time="0.736"/>
  <testcase classname="regressionTestCases.TrndrRegTCs" name="MobilitetR4L1screen" time="10.280"/>
  <testcase classname="regressionTestCases.TrndrRegTCs" name="MobilitetR4L2screen" time="3.045"/>
  <testcase classname="regressionTestCases.TrndrRegTCs" name="MobilitetR4L3screen" time="1.474"/>
  <testcase classname="regressionTestCases.TrndrRegTCs" name="MobilitetR4L4screen" time="1.331"/>
  <testcase classname="regressionTestCases.TrndrRegTCs" name="MobilitetR5screen" time="0.798"/>
  <testcase classname="regressionTestCases.TrndrRegTCs" name="MobilitetR5L1screen" time="10.137"/>
  <testcase classname="regressionTestCases.TrndrRegTCs" name="MobilitetR5L2screen" time="2.942"/>
  <testcase classname="regressionTestCases.TrndrRegTCs" name="MobilitetR5L3screen" time="1.417"/>
  <testcase classname="regressionTestCases.TrndrRegTCs" name="MobilitetR5L4screen" time="1.225"/>
  <testcase classname="regressionTestCases.TrndrRegTCs" name="MobilitetMedalscreen" time="1.240"/>
  <testcase classname="regressionTestCases.TrndrRegTCs" name="MobilitetAccountscreen" time="0.264"/>
  <testcase classname="regressionTestCases.TrndrRegTCs" name="MobilitetCategoryiconNL" time="0.825"/>
  <testcase classname="regressionTestCases.TrndrRegTCs" name="Musictc" time="0.972"/>
  <testcase classname="regressionTestCases.TrndrRegTCs" name="MusicR1L1screen" time="10.812"/>
  <testcase classname="regressionTestCases.TrndrRegTCs" name="MusicR1L2screen" time="2.508"/>
  <testcase classname="regressionTestCases.TrndrRegTCs" name="MusicR1L3screen" time="0.970"/>
  <testcase classname="regressionTestCases.TrndrRegTCs" name="MusicR1L4screen" time="0.731"/>
  <testcase classname="regressionTestCases.TrndrRegTCs" name="MusicR2screen" time="0.785"/>
  <testcase classname="regressionTestCases.TrndrRegTCs" name="MusicR2L1screen" time="10.368"/>
  <testcase classname="regressionTestCases.TrndrRegTCs" name="MusicR2L2screen" time="2.491"/>
  <testcase classname="regressionTestCases.TrndrRegTCs" name="MusicR2L3screen" time="0.964"/>
  <testcase classname="regressionTestCases.TrndrRegTCs" name="MusicR2L4screen" time="0.803"/>
  <testcase classname="regressionTestCases.TrndrRegTCs" name="MusicR3screen" time="0.715"/>
  <testcase classname="regressionTestCases.TrndrRegTCs" name="MusicR3L1screen" time="10.312"/>
  <testcase classname="regressionTestCases.TrndrRegTCs" name="MusicR3L2screen" time="2.432"/>
  <testcase classname="regressionTestCases.TrndrRegTCs" name="MusicR3L3screen" time="0.949"/>
  <testcase classname="regressionTestCases.TrndrRegTCs" name="MusicR3L4screen" time="0.846"/>
  <testcase classname="regressionTestCases.TrndrRegTCs" name="MusicR4screen" time="0.704"/>
  <testcase classname="regressionTestCases.TrndrRegTCs" name="MusicR4L1screen" time="10.134"/>
  <testcase classname="regressionTestCases.TrndrRegTCs" name="MusicR4L2screen" time="2.893"/>
  <testcase classname="regressionTestCases.TrndrRegTCs" name="MusicR4L3screen" time="1.421"/>
  <testcase classname="regressionTestCases.TrndrRegTCs" name="MusicR4L4screen" time="1.133"/>
  <testcase classname="regressionTestCases.TrndrRegTCs" name="MusicR5screen" time="0.777"/>
  <testcase classname="regressionTestCases.TrndrRegTCs" name="MusicR5L1screen" time="10.089"/>
  <testcase classname="regressionTestCases.TrndrRegTCs" name="MusicR5L2screen" time="2.900"/>
  <testcase classname="regressionTestCases.TrndrRegTCs" name="MusicR5L3screen" time="1.402"/>
  <testcase classname="regressionTestCases.TrndrRegTCs" name="MusicR5L4screen" time="1.155"/>
  <testcase classname="regressionTestCases.TrndrRegTCs" name="MusicMedalscreen" time="1.214"/>
  <testcase classname="regressionTestCases.TrndrRegTCs" name="MusicAccountscreen" time="0.288"/>
  <testcase classname="regressionTestCases.TrndrRegTCs" name="MusicCategoryiconNL" time="0.825"/>
  <testcase classname="regressionTestCases.TrndrRegTCs" name="Pensiontc" time="0.994"/>
  <testcase classname="regressionTestCases.TrndrRegTCs" name="PensionR1L1screen" time="10.801"/>
  <testcase classname="regressionTestCases.TrndrRegTCs" name="PensionR1L2screen" time="2.476"/>
  <testcase classname="regressionTestCases.TrndrRegTCs" name="PensionR1L3screen" time="0.923"/>
  <testcase classname="regressionTestCases.TrndrRegTCs" name="PensionR1L4screen" time="0.827"/>
  <testcase classname="regressionTestCases.TrndrRegTCs" name="PensionR2screen" time="0.811"/>
  <testcase classname="regressionTestCases.TrndrRegTCs" name="PensionR2L1screen" time="10.289"/>
  <testcase classname="regressionTestCases.TrndrRegTCs" name="PensionR2L2screen" time="2.573"/>
  <testcase classname="regressionTestCases.TrndrRegTCs" name="PensionR2L3screen" time="0.960"/>
  <testcase classname="regressionTestCases.TrndrRegTCs" name="PensionR2L4screen" time="0.893"/>
  <testcase classname="regressionTestCases.TrndrRegTCs" name="PensionR3screen" time="0.742"/>
  <testcase classname="regressionTestCases.TrndrRegTCs" name="PensionR3L1screen" time="10.138"/>
  <testcase classname="regressionTestCases.TrndrRegTCs" name="PensionR3L2screen" time="2.451"/>
  <testcase classname="regressionTestCases.TrndrRegTCs" name="PensionR3L3screen" time="0.925"/>
  <testcase classname="regressionTestCases.TrndrRegTCs" name="PensionR3L4screen" time="0.855"/>
  <testcase classname="regressionTestCases.TrndrRegTCs" name="PensionR4screen" time="0.725"/>
  <testcase classname="regressionTestCases.TrndrRegTCs" name="PensionR4L1screen" time="10.093"/>
  <testcase classname="regressionTestCases.TrndrRegTCs" name="PensionR4L2screen" time="2.932"/>
  <testcase classname="regressionTestCases.TrndrRegTCs" name="PensionR4L3screen" time="1.428"/>
  <testcase classname="regressionTestCases.TrndrRegTCs" name="PensionR4L4screen" time="1.258"/>
  <testcase classname="regressionTestCases.TrndrRegTCs" name="PensionR5screen" time="0.757"/>
  <testcase classname="regressionTestCases.TrndrRegTCs" name="PensionR5L1screen" time="10.102"/>
  <testcase classname="regressionTestCases.TrndrRegTCs" name="PensionR5L2screen" time="3.154"/>
  <testcase classname="regressionTestCases.TrndrRegTCs" name="PensionR5L3screen" time="1.434"/>
  <testcase classname="regressionTestCases.TrndrRegTCs" name="PensionR5L4screen" time="1.280"/>
  <testcase classname="regressionTestCases.TrndrRegTCs" name="PensionMedalscreen" time="1.281"/>
  <testcase classname="regressionTestCases.TrndrRegTCs" name="PensionAccountscreen" time="0.324"/>
  <testcase classname="regressionTestCases.TrndrRegTCs" name="PensionCategoryiconNL" time="0.828"/>
  <testcase classname="regressionTestCases.TrndrRegTCs" name="SocialDomeintc" time="1.003"/>
  <testcase classname="regressionTestCases.TrndrRegTCs" name="SocialDomeinR1L1screen" time="10.845"/>
  <testcase classname="regressionTestCases.TrndrRegTCs" name="SocialDomeinR1L2screen" time="2.396"/>
  <testcase classname="regressionTestCases.TrndrRegTCs" name="SocialDomeinR1L3screen" time="0.950"/>
  <testcase classname="regressionTestCases.TrndrRegTCs" name="SocialDomeinR1L4screen" time="0.623"/>
  <testcase classname="regressionTestCases.TrndrRegTCs" name="SocialDomeinR2screen" time="0.634"/>
  <testcase classname="regressionTestCases.TrndrRegTCs" name="SocialDomeinR2L1screen" time="10.149"/>
  <testcase classname="regressionTestCases.TrndrRegTCs" name="SocialDomeinR2L2screen" time="2.438"/>
  <testcase classname="regressionTestCases.TrndrRegTCs" name="SocialDomeinR2L3screen" time="0.925"/>
  <testcase classname="regressionTestCases.TrndrRegTCs" name="SocialDomeinR2L4screen" time="0.711"/>
  <testcase classname="regressionTestCases.TrndrRegTCs" name="SocialDomeinR3screen" time="0.699"/>
  <testcase classname="regressionTestCases.TrndrRegTCs" name="SocialDomeinR3L1screen" time="10.113"/>
  <testcase classname="regressionTestCases.TrndrRegTCs" name="SocialDomeinR3L2screen" time="2.334"/>
  <testcase classname="regressionTestCases.TrndrRegTCs" name="SocialDomeinR3L3screen" time="0.938"/>
  <testcase classname="regressionTestCases.TrndrRegTCs" name="SocialDomeinR3L4screen" time="0.679"/>
  <testcase classname="regressionTestCases.TrndrRegTCs" name="SocialDomeinR4screen" time="0.600"/>
  <testcase classname="regressionTestCases.TrndrRegTCs" name="SocialDomeinR4L1screen" time="10.094"/>
  <testcase classname="regressionTestCases.TrndrRegTCs" name="SocialDomeinR4L2screen" time="2.821"/>
  <testcase classname="regressionTestCases.TrndrRegTCs" name="SocialDomeinR4L3screen" time="1.426"/>
  <testcase classname="regressionTestCases.TrndrRegTCs" name="SocialDomeinR4L4screen" time="1.015"/>
  <testcase classname="regressionTestCases.TrndrRegTCs" name="SocialDomeinR5screen" time="0.640"/>
  <testcase classname="regressionTestCases.TrndrRegTCs" name="SocialDomeinR5L1screen" time="10.336"/>
  <testcase classname="regressionTestCases.TrndrRegTCs" name="SocialDomeinR5L2screen" time="3.006"/>
  <testcase classname="regressionTestCases.TrndrRegTCs" name="SocialDomeinR5L3screen" time="1.463"/>
  <testcase classname="regressionTestCases.TrndrRegTCs" name="SocialDomeinR5L4screen" time="1.108"/>
  <testcase classname="regressionTestCases.TrndrRegTCs" name="SocialDomeinMedalscreen" time="1.074"/>
  <testcase classname="regressionTestCases.TrndrRegTCs" name="SocialDomeinAccountscreen" time="0.320"/>
  <testcase classname="regressionTestCases.TrndrRegTCs" name="SocialDomeinCategoryiconNL" time="0.712"/>
</testsuite> <!-- regressionTestCases.TrndrRegTCs -->
